<?xml version="1.0" encoding="UTF-8"?>
<coverage generated="1750691469694" clover="3.2.0">
  <project timestamp="1750691469695" name="All files">
    <metrics statements="331" coveredstatements="154" conditionals="38" coveredconditionals="9" methods="41" coveredmethods="7" elements="410" coveredelements="170" complexity="0" loc="331" ncloc="331" packages="10" files="26" classes="26"/>
    <package name="src">
      <metrics statements="15" coveredstatements="14" conditionals="0" coveredconditionals="0" methods="1" coveredmethods="0"/>
      <file name="app.js" path="/home/twobraincells/developer/ai-interviewer/backend/src/app.js">
        <metrics statements="15" coveredstatements="14" conditionals="0" coveredconditionals="0" methods="1" coveredmethods="0"/>
        <line num="1" count="1" type="stmt"/>
        <line num="2" count="1" type="stmt"/>
        <line num="3" count="1" type="stmt"/>
        <line num="4" count="1" type="stmt"/>
        <line num="5" count="1" type="stmt"/>
        <line num="7" count="1" type="stmt"/>
        <line num="9" count="1" type="stmt"/>
        <line num="10" count="1" type="stmt"/>
        <line num="11" count="1" type="stmt"/>
        <line num="12" count="1" type="stmt"/>
        <line num="16" count="1" type="stmt"/>
        <line num="18" count="1" type="stmt"/>
        <line num="19" count="0" type="stmt"/>
        <line num="25" count="1" type="stmt"/>
        <line num="27" count="1" type="stmt"/>
      </file>
    </package>
    <package name="src.config">
      <metrics statements="6" coveredstatements="6" conditionals="0" coveredconditionals="0" methods="0" coveredmethods="0"/>
      <file name="ai.config.js" path="/home/twobraincells/developer/ai-interviewer/backend/src/config/ai.config.js">
        <metrics statements="4" coveredstatements="4" conditionals="0" coveredconditionals="0" methods="0" coveredmethods="0"/>
        <line num="1" count="2" type="stmt"/>
        <line num="2" count="2" type="stmt"/>
        <line num="4" count="2" type="stmt"/>
        <line num="6" count="2" type="stmt"/>
      </file>
      <file name="server.config.js" path="/home/twobraincells/developer/ai-interviewer/backend/src/config/server.config.js">
        <metrics statements="2" coveredstatements="2" conditionals="0" coveredconditionals="0" methods="0" coveredmethods="0"/>
        <line num="1" count="2" type="stmt"/>
        <line num="3" count="2" type="stmt"/>
      </file>
    </package>
    <package name="src.controllers">
      <metrics statements="62" coveredstatements="17" conditionals="14" coveredconditionals="5" methods="11" coveredmethods="1"/>
      <file name="auth.controller.js" path="/home/twobraincells/developer/ai-interviewer/backend/src/controllers/auth.controller.js">
        <metrics statements="30" coveredstatements="11" conditionals="12" coveredconditionals="5" methods="4" coveredmethods="1"/>
        <line num="1" count="2" type="stmt"/>
        <line num="2" count="2" type="stmt"/>
        <line num="3" count="2" type="stmt"/>
        <line num="5" count="2" type="stmt"/>
        <line num="8" count="6" type="stmt"/>
        <line num="9" count="6" type="stmt"/>
        <line num="14" count="6" type="stmt"/>
        <line num="15" count="6" type="cond" truecount="1" falsecount="1"/>
        <line num="16" count="0" type="stmt"/>
        <line num="24" count="6" type="cond" truecount="2" falsecount="0"/>
        <line num="26" count="6" type="stmt"/>
        <line num="34" count="0" type="stmt"/>
        <line num="35" count="0" type="stmt"/>
        <line num="40" count="0" type="stmt"/>
        <line num="41" count="0" type="stmt"/>
        <line num="43" count="0" type="cond" truecount="0" falsecount="2"/>
        <line num="44" count="0" type="stmt"/>
        <line num="52" count="0" type="cond" truecount="0" falsecount="2"/>
        <line num="53" count="0" type="stmt"/>
        <line num="61" count="0" type="stmt"/>
        <line num="69" count="0" type="stmt"/>
        <line num="74" count="0" type="stmt"/>
        <line num="75" count="0" type="stmt"/>
        <line num="88" count="0" type="stmt"/>
        <line num="93" count="0" type="stmt"/>
        <line num="94" count="0" type="stmt"/>
        <line num="99" count="0" type="stmt"/>
        <line num="101" count="0" type="stmt"/>
        <line num="109" count="0" type="stmt"/>
        <line num="114" count="2" type="stmt"/>
      </file>
      <file name="character.controller.js" path="/home/twobraincells/developer/ai-interviewer/backend/src/controllers/character.controller.js">
        <metrics statements="31" coveredstatements="5" conditionals="2" coveredconditionals="0" methods="7" coveredmethods="0"/>
        <line num="1" count="2" type="stmt"/>
        <line num="2" count="2" type="stmt"/>
        <line num="3" count="2" type="stmt"/>
        <line num="5" count="2" type="stmt"/>
        <line num="8" count="0" type="stmt"/>
        <line num="12" count="0" type="stmt"/>
        <line num="14" count="0" type="stmt"/>
        <line num="19" count="0" type="stmt"/>
        <line num="20" count="0" type="stmt"/>
        <line num="28" count="0" type="stmt"/>
        <line num="33" count="0" type="stmt"/>
        <line num="34" count="0" type="stmt"/>
        <line num="35" count="0" type="stmt"/>
        <line num="43" count="0" type="stmt"/>
        <line num="48" count="0" type="stmt"/>
        <line num="49" count="0" type="stmt"/>
        <line num="50" count="0" type="stmt"/>
        <line num="59" count="0" type="stmt"/>
        <line num="64" count="0" type="stmt"/>
        <line num="65" count="0" type="stmt"/>
        <line num="66" count="0" type="stmt"/>
        <line num="74" count="0" type="stmt"/>
        <line num="79" count="0" type="stmt"/>
        <line num="80" count="0" type="stmt"/>
        <line num="81" count="0" type="stmt"/>
        <line num="89" count="0" type="stmt"/>
        <line num="94" count="0" type="stmt"/>
        <line num="95" count="0" type="stmt"/>
        <line num="96" count="0" type="stmt"/>
        <line num="104" count="0" type="stmt"/>
        <line num="109" count="2" type="stmt"/>
      </file>
      <file name="index.js" path="/home/twobraincells/developer/ai-interviewer/backend/src/controllers/index.js">
        <metrics statements="1" coveredstatements="1" conditionals="0" coveredconditionals="0" methods="0" coveredmethods="0"/>
        <line num="1" count="2" type="stmt"/>
      </file>
    </package>
    <package name="src.errors">
      <metrics statements="22" coveredstatements="15" conditionals="0" coveredconditionals="0" methods="4" coveredmethods="0"/>
      <file name="badRequest.error.js" path="/home/twobraincells/developer/ai-interviewer/backend/src/errors/badRequest.error.js">
        <metrics statements="4" coveredstatements="3" conditionals="0" coveredconditionals="0" methods="1" coveredmethods="0"/>
        <line num="1" count="2" type="stmt"/>
        <line num="2" count="2" type="stmt"/>
        <line num="6" count="0" type="stmt"/>
        <line num="10" count="2" type="stmt"/>
      </file>
      <file name="base.error.js" path="/home/twobraincells/developer/ai-interviewer/backend/src/errors/base.error.js">
        <metrics statements="5" coveredstatements="1" conditionals="0" coveredconditionals="0" methods="1" coveredmethods="0"/>
        <line num="3" count="0" type="stmt"/>
        <line num="4" count="0" type="stmt"/>
        <line num="5" count="0" type="stmt"/>
        <line num="6" count="0" type="stmt"/>
        <line num="10" count="2" type="stmt"/>
      </file>
      <file name="index.js" path="/home/twobraincells/developer/ai-interviewer/backend/src/errors/index.js">
        <metrics statements="5" coveredstatements="5" conditionals="0" coveredconditionals="0" methods="0" coveredmethods="0"/>
        <line num="1" count="2" type="stmt"/>
        <line num="2" count="2" type="stmt"/>
        <line num="3" count="2" type="stmt"/>
        <line num="4" count="2" type="stmt"/>
        <line num="6" count="2" type="stmt"/>
      </file>
      <file name="internalServerError.js" path="/home/twobraincells/developer/ai-interviewer/backend/src/errors/internalServerError.js">
        <metrics statements="4" coveredstatements="3" conditionals="0" coveredconditionals="0" methods="1" coveredmethods="0"/>
        <line num="1" count="2" type="stmt"/>
        <line num="2" count="2" type="stmt"/>
        <line num="7" count="0" type="stmt"/>
        <line num="11" count="2" type="stmt"/>
      </file>
      <file name="notFound.error.js" path="/home/twobraincells/developer/ai-interviewer/backend/src/errors/notFound.error.js">
        <metrics statements="4" coveredstatements="3" conditionals="0" coveredconditionals="0" methods="1" coveredmethods="0"/>
        <line num="1" count="2" type="stmt"/>
        <line num="2" count="2" type="stmt"/>
        <line num="6" count="0" type="stmt"/>
        <line num="13" count="2" type="stmt"/>
      </file>
    </package>
    <package name="src.models">
      <metrics statements="16" coveredstatements="15" conditionals="2" coveredconditionals="1" methods="2" coveredmethods="2"/>
      <file name="character.model.js" path="/home/twobraincells/developer/ai-interviewer/backend/src/models/character.model.js">
        <metrics statements="3" coveredstatements="3" conditionals="0" coveredconditionals="0" methods="0" coveredmethods="0"/>
        <line num="1" count="2" type="stmt"/>
        <line num="3" count="2" type="stmt"/>
        <line num="20" count="2" type="stmt"/>
      </file>
      <file name="user.model.js" path="/home/twobraincells/developer/ai-interviewer/backend/src/models/user.model.js">
        <metrics statements="13" coveredstatements="12" conditionals="2" coveredconditionals="1" methods="2" coveredmethods="2"/>
        <line num="1" count="2" type="stmt"/>
        <line num="2" count="2" type="stmt"/>
        <line num="4" count="2" type="stmt"/>
        <line num="25" count="2" type="stmt"/>
        <line num="26" count="6" type="cond" truecount="1" falsecount="1"/>
        <line num="28" count="6" type="stmt"/>
        <line num="29" count="6" type="stmt"/>
        <line num="30" count="6" type="stmt"/>
        <line num="31" count="6" type="stmt"/>
        <line num="33" count="0" type="stmt"/>
        <line num="37" count="2" type="stmt"/>
        <line num="38" count="1" type="stmt"/>
        <line num="41" count="2" type="stmt"/>
      </file>
    </package>
    <package name="src.repository">
      <metrics statements="95" coveredstatements="24" conditionals="18" coveredconditionals="3" methods="10" coveredmethods="1"/>
      <file name="auth.repo.js" path="/home/twobraincells/developer/ai-interviewer/backend/src/repository/auth.repo.js">
        <metrics statements="39" coveredstatements="16" conditionals="10" coveredconditionals="3" methods="3" coveredmethods="1"/>
        <line num="1" count="2" type="stmt"/>
        <line num="2" count="2" type="stmt"/>
        <line num="3" count="2" type="stmt"/>
        <line num="8" count="6" type="stmt"/>
        <line num="9" count="6" type="stmt"/>
        <line num="11" count="6" type="stmt"/>
        <line num="13" count="6" type="cond" truecount="2" falsecount="0"/>
        <line num="15" count="1" type="stmt"/>
        <line num="17" count="1" type="cond" truecount="1" falsecount="1"/>
        <line num="19" count="1" type="stmt"/>
        <line num="21" count="1" type="stmt"/>
        <line num="33" count="0" type="stmt"/>
        <line num="41" count="5" type="stmt"/>
        <line num="42" count="5" type="stmt"/>
        <line num="45" count="5" type="stmt"/>
        <line num="48" count="5" type="stmt"/>
        <line num="60" count="0" type="stmt"/>
        <line num="61" count="0" type="stmt"/>
        <line num="66" count="0" type="stmt"/>
        <line num="67" count="0" type="stmt"/>
        <line num="69" count="0" type="stmt"/>
        <line num="70" count="0" type="cond" truecount="0" falsecount="2"/>
        <line num="71" count="0" type="stmt"/>
        <line num="74" count="0" type="stmt"/>
        <line num="75" count="0" type="cond" truecount="0" falsecount="2"/>
        <line num="76" count="0" type="stmt"/>
        <line num="79" count="0" type="stmt"/>
        <line num="81" count="0" type="stmt"/>
        <line num="90" count="0" type="stmt"/>
        <line num="91" count="0" type="stmt"/>
        <line num="96" count="0" type="stmt"/>
        <line num="97" count="0" type="stmt"/>
        <line num="99" count="0" type="stmt"/>
        <line num="101" count="0" type="cond" truecount="0" falsecount="2"/>
        <line num="102" count="0" type="stmt"/>
        <line num="105" count="0" type="stmt"/>
        <line num="108" count="0" type="stmt"/>
        <line num="109" count="0" type="stmt"/>
        <line num="114" count="2" type="stmt"/>
      </file>
      <file name="character.repo.js" path="/home/twobraincells/developer/ai-interviewer/backend/src/repository/character.repo.js">
        <metrics statements="53" coveredstatements="5" conditionals="8" coveredconditionals="0" methods="7" coveredmethods="0"/>
        <line num="1" count="2" type="stmt"/>
        <line num="2" count="2" type="stmt"/>
        <line num="3" count="2" type="stmt"/>
        <line num="4" count="2" type="stmt"/>
        <line num="9" count="0" type="stmt"/>
        <line num="10" count="0" type="stmt"/>
        <line num="11" count="0" type="stmt"/>
        <line num="13" count="0" type="stmt"/>
        <line num="22" count="0" type="stmt"/>
        <line num="24" count="0" type="stmt"/>
        <line num="27" count="0" type="stmt"/>
        <line num="28" count="0" type="stmt"/>
        <line num="33" count="0" type="stmt"/>
        <line num="34" count="0" type="stmt"/>
        <line num="35" count="0" type="stmt"/>
        <line num="38" count="0" type="stmt"/>
        <line num="39" count="0" type="stmt"/>
        <line num="44" count="0" type="stmt"/>
        <line num="45" count="0" type="stmt"/>
        <line num="47" count="0" type="cond" truecount="0" falsecount="2"/>
        <line num="48" count="0" type="stmt"/>
        <line num="51" count="0" type="stmt"/>
        <line num="54" count="0" type="stmt"/>
        <line num="55" count="0" type="stmt"/>
        <line num="60" count="0" type="stmt"/>
        <line num="61" count="0" type="stmt"/>
        <line num="63" count="0" type="cond" truecount="0" falsecount="2"/>
        <line num="64" count="0" type="stmt"/>
        <line num="66" count="0" type="stmt"/>
        <line num="69" count="0" type="stmt"/>
        <line num="70" count="0" type="stmt"/>
        <line num="75" count="0" type="stmt"/>
        <line num="76" count="0" type="stmt"/>
        <line num="78" count="0" type="cond" truecount="0" falsecount="2"/>
        <line num="79" count="0" type="stmt"/>
        <line num="82" count="0" type="stmt"/>
        <line num="85" count="0" type="stmt"/>
        <line num="86" count="0" type="stmt"/>
        <line num="91" count="0" type="stmt"/>
        <line num="92" count="0" type="stmt"/>
        <line num="94" count="0" type="cond" truecount="0" falsecount="2"/>
        <line num="95" count="0" type="stmt"/>
        <line num="100" count="0" type="stmt"/>
        <line num="111" count="0" type="stmt"/>
        <line num="118" count="0" type="stmt"/>
        <line num="122" count="0" type="stmt"/>
        <line num="124" count="0" type="stmt"/>
        <line num="125" count="0" type="stmt"/>
        <line num="127" count="0" type="stmt"/>
        <line num="129" count="0" type="stmt"/>
        <line num="132" count="0" type="stmt"/>
        <line num="133" count="0" type="stmt"/>
        <line num="139" count="2" type="stmt"/>
      </file>
      <file name="index.js" path="/home/twobraincells/developer/ai-interviewer/backend/src/repository/index.js">
        <metrics statements="3" coveredstatements="3" conditionals="0" coveredconditionals="0" methods="0" coveredmethods="0"/>
        <line num="1" count="2" type="stmt"/>
        <line num="2" count="2" type="stmt"/>
        <line num="3" count="2" type="stmt"/>
      </file>
    </package>
    <package name="src.routes">
      <metrics statements="5" coveredstatements="5" conditionals="0" coveredconditionals="0" methods="0" coveredmethods="0"/>
      <file name="index.js" path="/home/twobraincells/developer/ai-interviewer/backend/src/routes/index.js">
        <metrics statements="5" coveredstatements="5" conditionals="0" coveredconditionals="0" methods="0" coveredmethods="0"/>
        <line num="1" count="2" type="stmt"/>
        <line num="2" count="2" type="stmt"/>
        <line num="4" count="2" type="stmt"/>
        <line num="6" count="2" type="stmt"/>
        <line num="8" count="2" type="stmt"/>
      </file>
    </package>
    <package name="src.routes.v1">
      <metrics statements="29" coveredstatements="29" conditionals="0" coveredconditionals="0" methods="0" coveredmethods="0"/>
      <file name="auth.routes.js" path="/home/twobraincells/developer/ai-interviewer/backend/src/routes/v1/auth.routes.js">
        <metrics statements="10" coveredstatements="10" conditionals="0" coveredconditionals="0" methods="0" coveredmethods="0"/>
        <line num="1" count="2" type="stmt"/>
        <line num="2" count="2" type="stmt"/>
        <line num="3" count="2" type="stmt"/>
        <line num="4" count="2" type="stmt"/>
        <line num="7" count="2" type="stmt"/>
        <line num="9" count="2" type="stmt"/>
        <line num="10" count="2" type="stmt"/>
        <line num="11" count="2" type="stmt"/>
        <line num="12" count="2" type="stmt"/>
        <line num="14" count="2" type="stmt"/>
      </file>
      <file name="character.routes.js" path="/home/twobraincells/developer/ai-interviewer/backend/src/routes/v1/character.routes.js">
        <metrics statements="12" coveredstatements="12" conditionals="0" coveredconditionals="0" methods="0" coveredmethods="0"/>
        <line num="1" count="2" type="stmt"/>
        <line num="3" count="2" type="stmt"/>
        <line num="4" count="2" type="stmt"/>
        <line num="6" count="2" type="stmt"/>
        <line num="8" count="2" type="stmt"/>
        <line num="9" count="2" type="stmt"/>
        <line num="10" count="2" type="stmt"/>
        <line num="11" count="2" type="stmt"/>
        <line num="12" count="2" type="stmt"/>
        <line num="13" count="2" type="stmt"/>
        <line num="14" count="2" type="stmt"/>
        <line num="16" count="2" type="stmt"/>
      </file>
      <file name="index.js" path="/home/twobraincells/developer/ai-interviewer/backend/src/routes/v1/index.js">
        <metrics statements="7" coveredstatements="7" conditionals="0" coveredconditionals="0" methods="0" coveredmethods="0"/>
        <line num="1" count="2" type="stmt"/>
        <line num="2" count="2" type="stmt"/>
        <line num="3" count="2" type="stmt"/>
        <line num="5" count="2" type="stmt"/>
        <line num="7" count="2" type="stmt"/>
        <line num="8" count="2" type="stmt"/>
        <line num="10" count="2" type="stmt"/>
      </file>
    </package>
    <package name="src.services">
      <metrics statements="52" coveredstatements="10" conditionals="0" coveredconditionals="0" methods="11" coveredmethods="3"/>
      <file name="auth.service.js" path="/home/twobraincells/developer/ai-interviewer/backend/src/services/auth.service.js">
        <metrics statements="17" coveredstatements="5" conditionals="0" coveredconditionals="0" methods="4" coveredmethods="2"/>
        <line num="3" count="2" type="stmt"/>
        <line num="7" count="6" type="stmt"/>
        <line num="8" count="6" type="stmt"/>
        <line num="9" count="6" type="stmt"/>
        <line num="12" count="0" type="stmt"/>
        <line num="13" count="0" type="stmt"/>
        <line num="18" count="0" type="stmt"/>
        <line num="19" count="0" type="stmt"/>
        <line num="20" count="0" type="stmt"/>
        <line num="23" count="0" type="stmt"/>
        <line num="24" count="0" type="stmt"/>
        <line num="29" count="0" type="stmt"/>
        <line num="30" count="0" type="stmt"/>
        <line num="31" count="0" type="stmt"/>
        <line num="34" count="0" type="stmt"/>
        <line num="35" count="0" type="stmt"/>
        <line num="40" count="2" type="stmt"/>
      </file>
      <file name="character.service.js" path="/home/twobraincells/developer/ai-interviewer/backend/src/services/character.service.js">
        <metrics statements="32" coveredstatements="2" conditionals="0" coveredconditionals="0" methods="7" coveredmethods="1"/>
        <line num="3" count="2" type="stmt"/>
        <line num="7" count="0" type="stmt"/>
        <line num="8" count="0" type="stmt"/>
        <line num="9" count="0" type="stmt"/>
        <line num="12" count="0" type="stmt"/>
        <line num="13" count="0" type="stmt"/>
        <line num="18" count="0" type="stmt"/>
        <line num="19" count="0" type="stmt"/>
        <line num="20" count="0" type="stmt"/>
        <line num="23" count="0" type="stmt"/>
        <line num="24" count="0" type="stmt"/>
        <line num="29" count="0" type="stmt"/>
        <line num="30" count="0" type="stmt"/>
        <line num="31" count="0" type="stmt"/>
        <line num="34" count="0" type="stmt"/>
        <line num="35" count="0" type="stmt"/>
        <line num="40" count="0" type="stmt"/>
        <line num="41" count="0" type="stmt"/>
        <line num="42" count="0" type="stmt"/>
        <line num="45" count="0" type="stmt"/>
        <line num="46" count="0" type="stmt"/>
        <line num="51" count="0" type="stmt"/>
        <line num="52" count="0" type="stmt"/>
        <line num="53" count="0" type="stmt"/>
        <line num="56" count="0" type="stmt"/>
        <line num="57" count="0" type="stmt"/>
        <line num="62" count="0" type="stmt"/>
        <line num="63" count="0" type="stmt"/>
        <line num="64" count="0" type="stmt"/>
        <line num="67" count="0" type="stmt"/>
        <line num="68" count="0" type="stmt"/>
        <line num="74" count="2" type="stmt"/>
      </file>
      <file name="index.js" path="/home/twobraincells/developer/ai-interviewer/backend/src/services/index.js">
        <metrics statements="3" coveredstatements="3" conditionals="0" coveredconditionals="0" methods="0" coveredmethods="0"/>
        <line num="1" count="2" type="stmt"/>
        <line num="2" count="2" type="stmt"/>
        <line num="4" count="2" type="stmt"/>
      </file>
    </package>
    <package name="src.utils">
      <metrics statements="29" coveredstatements="19" conditionals="4" coveredconditionals="0" methods="2" coveredmethods="0"/>
      <file name="authenticate.js" path="/home/twobraincells/developer/ai-interviewer/backend/src/utils/authenticate.js">
        <metrics statements="14" coveredstatements="8" conditionals="2" coveredconditionals="0" methods="1" coveredmethods="0"/>
        <line num="1" count="2" type="stmt"/>
        <line num="2" count="2" type="stmt"/>
        <line num="4" count="2" type="stmt"/>
        <line num="5" count="2" type="stmt"/>
        <line num="7" count="2" type="stmt"/>
        <line num="12" count="2" type="stmt"/>
        <line num="13" count="0" type="stmt"/>
        <line num="14" count="0" type="stmt"/>
        <line num="16" count="0" type="cond" truecount="0" falsecount="2"/>
        <line num="17" count="0" type="stmt"/>
        <line num="20" count="0" type="stmt"/>
        <line num="22" count="0" type="stmt"/>
        <line num="26" count="2" type="stmt"/>
        <line num="28" count="2" type="stmt"/>
      </file>
      <file name="cloudinary.js" path="/home/twobraincells/developer/ai-interviewer/backend/src/utils/cloudinary.js">
        <metrics statements="8" coveredstatements="8" conditionals="0" coveredconditionals="0" methods="0" coveredmethods="0"/>
        <line num="1" count="2" type="stmt"/>
        <line num="2" count="2" type="stmt"/>
        <line num="3" count="2" type="stmt"/>
        <line num="4" count="2" type="stmt"/>
        <line num="6" count="2" type="stmt"/>
        <line num="12" count="2" type="stmt"/>
        <line num="21" count="2" type="stmt"/>
        <line num="23" count="2" type="stmt"/>
      </file>
      <file name="errorHandler.js" path="/home/twobraincells/developer/ai-interviewer/backend/src/utils/errorHandler.js">
        <metrics statements="7" coveredstatements="3" conditionals="2" coveredconditionals="0" methods="1" coveredmethods="0"/>
        <line num="1" count="1" type="stmt"/>
        <line num="2" count="1" type="stmt"/>
        <line num="6" count="0" type="stmt"/>
        <line num="7" count="0" type="cond" truecount="0" falsecount="2"/>
        <line num="8" count="0" type="stmt"/>
        <line num="16" count="0" type="stmt"/>
        <line num="24" count="1" type="stmt"/>
      </file>
    </package>
  </project>
</coverage>
