{"/home/twobraincells/developer/ai-interviewer/backend/src/app.js": {"path":"/home/twobraincells/developer/ai-interviewer/backend/src/app.js","statementMap":{"0":{"start":{"line":1,"column":16},"end":{"line":1,"column":34}},"1":{"start":{"line":2,"column":19},"end":{"line":2,"column":41}},"2":{"start":{"line":3,"column":13},"end":{"line":3,"column":28}},"3":{"start":{"line":4,"column":18},"end":{"line":4,"column":37}},"4":{"start":{"line":5,"column":21},"end":{"line":5,"column":52}},"5":{"start":{"line":7,"column":12},"end":{"line":7,"column":21}},"6":{"start":{"line":9,"column":0},"end":{"line":9,"column":27}},"7":{"start":{"line":10,"column":0},"end":{"line":10,"column":49}},"8":{"start":{"line":11,"column":0},"end":{"line":11,"column":27}},"9":{"start":{"line":12,"column":0},"end":{"line":14,"column":4}},"10":{"start":{"line":16,"column":0},"end":{"line":16,"column":27}},"11":{"start":{"line":18,"column":0},"end":{"line":22,"column":3}},"12":{"start":{"line":19,"column":2},"end":{"line":21,"column":5}},"13":{"start":{"line":25,"column":0},"end":{"line":25,"column":22}},"14":{"start":{"line":27,"column":0},"end":{"line":27,"column":21}}},"fnMap":{"0":{"name":"(anonymous_0)","decl":{"start":{"line":18,"column":17},"end":{"line":18,"column":18}},"loc":{"start":{"line":18,"column":31},"end":{"line":22,"column":1}},"line":18}},"branchMap":{},"s":{"0":1,"1":1,"2":1,"3":1,"4":1,"5":1,"6":1,"7":1,"8":1,"9":1,"10":1,"11":1,"12":0,"13":1,"14":1},"f":{"0":0},"b":{},"_coverageSchema":"1a1c01bbd47fc00a2c39e90264f33305004495a9","hash":"47905de33da850d2b0980c3b70434c8d4a92ecbe"}
,"/home/twobraincells/developer/ai-interviewer/backend/src/config/ai.config.js": {"path":"/home/twobraincells/developer/ai-interviewer/backend/src/config/ai.config.js","statementMap":{"0":{"start":{"line":1,"column":24},"end":{"line":1,"column":48}},"1":{"start":{"line":2,"column":28},"end":{"line":2,"column":54}},"2":{"start":{"line":4,"column":11},"end":{"line":4,"column":54}},"3":{"start":{"line":6,"column":0},"end":{"line":6,"column":20}}},"fnMap":{},"branchMap":{},"s":{"0":2,"1":2,"2":2,"3":2},"f":{},"b":{},"_coverageSchema":"1a1c01bbd47fc00a2c39e90264f33305004495a9","hash":"66eb54689606041fdbb546d7e0f8b8db8b1ba23e"}
,"/home/twobraincells/developer/ai-interviewer/backend/src/config/server.config.js": {"path":"/home/twobraincells/developer/ai-interviewer/backend/src/config/server.config.js","statementMap":{"0":{"start":{"line":1,"column":0},"end":{"line":1,"column":27}},"1":{"start":{"line":3,"column":0},"end":{"line":12,"column":1}}},"fnMap":{},"branchMap":{},"s":{"0":2,"1":2},"f":{},"b":{},"_coverageSchema":"1a1c01bbd47fc00a2c39e90264f33305004495a9","hash":"2719d2c52d92fe6d311111e2ebcf34d69454d595"}
,"/home/twobraincells/developer/ai-interviewer/backend/src/controllers/auth.controller.js": {"path":"/home/twobraincells/developer/ai-interviewer/backend/src/controllers/auth.controller.js","statementMap":{"0":{"start":{"line":1,"column":17},"end":{"line":1,"column":51}},"1":{"start":{"line":2,"column":20},"end":{"line":2,"column":55}},"2":{"start":{"line":3,"column":24},"end":{"line":3,"column":52}},"3":{"start":{"line":5,"column":20},"end":{"line":5,"column":49}},"4":{"start":{"line":8,"column":4},"end":{"line":36,"column":5}},"5":{"start":{"line":9,"column":25},"end":{"line":12,"column":9}},"6":{"start":{"line":14,"column":23},"end":{"line":14,"column":59}},"7":{"start":{"line":15,"column":8},"end":{"line":22,"column":9}},"8":{"start":{"line":16,"column":12},"end":{"line":21,"column":15}},"9":{"start":{"line":24,"column":24},"end":{"line":24,"column":119}},"10":{"start":{"line":26,"column":8},"end":{"line":31,"column":11}},"11":{"start":{"line":34,"column":8},"end":{"line":34,"column":25}},"12":{"start":{"line":35,"column":8},"end":{"line":35,"column":18}},"13":{"start":{"line":40,"column":4},"end":{"line":70,"column":5}},"14":{"start":{"line":41,"column":23},"end":{"line":41,"column":56}},"15":{"start":{"line":43,"column":8},"end":{"line":50,"column":9}},"16":{"start":{"line":44,"column":12},"end":{"line":49,"column":15}},"17":{"start":{"line":52,"column":8},"end":{"line":59,"column":9}},"18":{"start":{"line":53,"column":12},"end":{"line":58,"column":15}},"19":{"start":{"line":61,"column":8},"end":{"line":66,"column":11}},"20":{"start":{"line":69,"column":8},"end":{"line":69,"column":18}},"21":{"start":{"line":74,"column":4},"end":{"line":89,"column":5}},"22":{"start":{"line":75,"column":8},"end":{"line":85,"column":11}},"23":{"start":{"line":88,"column":8},"end":{"line":88,"column":18}},"24":{"start":{"line":93,"column":4},"end":{"line":110,"column":5}},"25":{"start":{"line":94,"column":25},"end":{"line":97,"column":9}},"26":{"start":{"line":99,"column":23},"end":{"line":99,"column":75}},"27":{"start":{"line":101,"column":8},"end":{"line":106,"column":11}},"28":{"start":{"line":109,"column":8},"end":{"line":109,"column":18}},"29":{"start":{"line":114,"column":0},"end":{"line":119,"column":1}}},"fnMap":{"0":{"name":"register","decl":{"start":{"line":7,"column":15},"end":{"line":7,"column":23}},"loc":{"start":{"line":7,"column":40},"end":{"line":37,"column":1}},"line":7},"1":{"name":"login","decl":{"start":{"line":39,"column":15},"end":{"line":39,"column":20}},"loc":{"start":{"line":39,"column":37},"end":{"line":71,"column":1}},"line":39},"2":{"name":"getCurrentUser","decl":{"start":{"line":73,"column":15},"end":{"line":73,"column":29}},"loc":{"start":{"line":73,"column":46},"end":{"line":90,"column":1}},"line":73},"3":{"name":"updateUser","decl":{"start":{"line":92,"column":15},"end":{"line":92,"column":25}},"loc":{"start":{"line":92,"column":42},"end":{"line":111,"column":1}},"line":92}},"branchMap":{"0":{"loc":{"start":{"line":11,"column":26},"end":{"line":11,"column":57}},"type":"cond-expr","locations":[{"start":{"line":11,"column":37},"end":{"line":11,"column":50}},{"start":{"line":11,"column":53},"end":{"line":11,"column":57}}],"line":11},"1":{"loc":{"start":{"line":15,"column":8},"end":{"line":22,"column":9}},"type":"if","locations":[{"start":{"line":15,"column":8},"end":{"line":22,"column":9}},{"start":{},"end":{}}],"line":15},"2":{"loc":{"start":{"line":24,"column":24},"end":{"line":24,"column":119}},"type":"cond-expr","locations":[{"start":{"line":24,"column":43},"end":{"line":24,"column":70}},{"start":{"line":24,"column":73},"end":{"line":24,"column":119}}],"line":24},"3":{"loc":{"start":{"line":43,"column":8},"end":{"line":50,"column":9}},"type":"if","locations":[{"start":{"line":43,"column":8},"end":{"line":50,"column":9}},{"start":{},"end":{}}],"line":43},"4":{"loc":{"start":{"line":52,"column":8},"end":{"line":59,"column":9}},"type":"if","locations":[{"start":{"line":52,"column":8},"end":{"line":59,"column":9}},{"start":{},"end":{}}],"line":52},"5":{"loc":{"start":{"line":96,"column":26},"end":{"line":96,"column":57}},"type":"cond-expr","locations":[{"start":{"line":96,"column":37},"end":{"line":96,"column":50}},{"start":{"line":96,"column":53},"end":{"line":96,"column":57}}],"line":96}},"s":{"0":2,"1":2,"2":2,"3":2,"4":6,"5":6,"6":6,"7":6,"8":0,"9":6,"10":6,"11":0,"12":0,"13":0,"14":0,"15":0,"16":0,"17":0,"18":0,"19":0,"20":0,"21":0,"22":0,"23":0,"24":0,"25":0,"26":0,"27":0,"28":0,"29":2},"f":{"0":6,"1":0,"2":0,"3":0},"b":{"0":[1,5],"1":[0,6],"2":[5,1],"3":[0,0],"4":[0,0],"5":[0,0]},"_coverageSchema":"1a1c01bbd47fc00a2c39e90264f33305004495a9","hash":"32763f3824ec65ce6c54f8bef347920b430e44a3"}
,"/home/twobraincells/developer/ai-interviewer/backend/src/controllers/character.controller.js": {"path":"/home/twobraincells/developer/ai-interviewer/backend/src/controllers/character.controller.js","statementMap":{"0":{"start":{"line":1,"column":24},"end":{"line":1,"column":52}},"1":{"start":{"line":2,"column":24},"end":{"line":2,"column":48}},"2":{"start":{"line":3,"column":27},"end":{"line":3,"column":49}},"3":{"start":{"line":5,"column":25},"end":{"line":5,"column":66}},"4":{"start":{"line":8,"column":4},"end":{"line":8,"column":50}},"5":{"start":{"line":12,"column":4},"end":{"line":29,"column":5}},"6":{"start":{"line":14,"column":30},"end":{"line":17,"column":9}},"7":{"start":{"line":19,"column":26},"end":{"line":19,"column":93}},"8":{"start":{"line":20,"column":8},"end":{"line":25,"column":11}},"9":{"start":{"line":28,"column":8},"end":{"line":28,"column":18}},"10":{"start":{"line":33,"column":4},"end":{"line":44,"column":5}},"11":{"start":{"line":34,"column":26},"end":{"line":34,"column":76}},"12":{"start":{"line":35,"column":8},"end":{"line":40,"column":11}},"13":{"start":{"line":43,"column":8},"end":{"line":43,"column":18}},"14":{"start":{"line":48,"column":4},"end":{"line":60,"column":5}},"15":{"start":{"line":49,"column":27},"end":{"line":49,"column":77}},"16":{"start":{"line":50,"column":8},"end":{"line":55,"column":11}},"17":{"start":{"line":59,"column":8},"end":{"line":59,"column":18}},"18":{"start":{"line":64,"column":4},"end":{"line":75,"column":5}},"19":{"start":{"line":65,"column":26},"end":{"line":65,"column":79}},"20":{"start":{"line":66,"column":8},"end":{"line":71,"column":11}},"21":{"start":{"line":74,"column":8},"end":{"line":74,"column":18}},"22":{"start":{"line":79,"column":4},"end":{"line":90,"column":5}},"23":{"start":{"line":80,"column":22},"end":{"line":80,"column":83}},"24":{"start":{"line":81,"column":8},"end":{"line":86,"column":11}},"25":{"start":{"line":89,"column":8},"end":{"line":89,"column":18}},"26":{"start":{"line":94,"column":4},"end":{"line":105,"column":5}},"27":{"start":{"line":95,"column":25},"end":{"line":95,"column":115}},"28":{"start":{"line":96,"column":8},"end":{"line":101,"column":11}},"29":{"start":{"line":104,"column":8},"end":{"line":104,"column":18}},"30":{"start":{"line":109,"column":0},"end":{"line":117,"column":1}}},"fnMap":{"0":{"name":"pingCharacterController","decl":{"start":{"line":7,"column":9},"end":{"line":7,"column":32}},"loc":{"start":{"line":7,"column":48},"end":{"line":9,"column":1}},"line":7},"1":{"name":"createCharacter","decl":{"start":{"line":11,"column":15},"end":{"line":11,"column":30}},"loc":{"start":{"line":11,"column":46},"end":{"line":30,"column":1}},"line":11},"2":{"name":"getCharacter","decl":{"start":{"line":32,"column":15},"end":{"line":32,"column":27}},"loc":{"start":{"line":32,"column":43},"end":{"line":45,"column":1}},"line":32},"3":{"name":"getCharacters","decl":{"start":{"line":47,"column":15},"end":{"line":47,"column":28}},"loc":{"start":{"line":47,"column":44},"end":{"line":61,"column":1}},"line":47},"4":{"name":"deleteCharacter","decl":{"start":{"line":63,"column":15},"end":{"line":63,"column":30}},"loc":{"start":{"line":63,"column":46},"end":{"line":76,"column":1}},"line":63},"5":{"name":"getChatHistory","decl":{"start":{"line":78,"column":15},"end":{"line":78,"column":29}},"loc":{"start":{"line":78,"column":45},"end":{"line":91,"column":1}},"line":78},"6":{"name":"sendMessage","decl":{"start":{"line":93,"column":15},"end":{"line":93,"column":26}},"loc":{"start":{"line":93,"column":42},"end":{"line":106,"column":1}},"line":93}},"branchMap":{"0":{"loc":{"start":{"line":16,"column":22},"end":{"line":16,"column":53}},"type":"cond-expr","locations":[{"start":{"line":16,"column":33},"end":{"line":16,"column":46}},{"start":{"line":16,"column":49},"end":{"line":16,"column":53}}],"line":16}},"s":{"0":2,"1":2,"2":2,"3":2,"4":0,"5":0,"6":0,"7":0,"8":0,"9":0,"10":0,"11":0,"12":0,"13":0,"14":0,"15":0,"16":0,"17":0,"18":0,"19":0,"20":0,"21":0,"22":0,"23":0,"24":0,"25":0,"26":0,"27":0,"28":0,"29":0,"30":2},"f":{"0":0,"1":0,"2":0,"3":0,"4":0,"5":0,"6":0},"b":{"0":[0,0]},"_coverageSchema":"1a1c01bbd47fc00a2c39e90264f33305004495a9","hash":"d0f36add1f66515b7ee66ca86fc334fb3cdffb94"}
,"/home/twobraincells/developer/ai-interviewer/backend/src/controllers/index.js": {"path":"/home/twobraincells/developer/ai-interviewer/backend/src/controllers/index.js","statementMap":{"0":{"start":{"line":1,"column":0},"end":{"line":4,"column":2}}},"fnMap":{},"branchMap":{},"s":{"0":2},"f":{},"b":{},"_coverageSchema":"1a1c01bbd47fc00a2c39e90264f33305004495a9","hash":"99b7a05b2c1686b80610a2b8bd69b4065540ccf3"}
,"/home/twobraincells/developer/ai-interviewer/backend/src/errors/badRequest.error.js": {"path":"/home/twobraincells/developer/ai-interviewer/backend/src/errors/badRequest.error.js","statementMap":{"0":{"start":{"line":1,"column":18},"end":{"line":1,"column":41}},"1":{"start":{"line":2,"column":22},"end":{"line":2,"column":50}},"2":{"start":{"line":6,"column":8},"end":{"line":6,"column":112}},"3":{"start":{"line":10,"column":0},"end":{"line":10,"column":28}}},"fnMap":{"0":{"name":"(anonymous_0)","decl":{"start":{"line":5,"column":4},"end":{"line":5,"column":5}},"loc":{"start":{"line":5,"column":38},"end":{"line":7,"column":5}},"line":5}},"branchMap":{},"s":{"0":2,"1":2,"2":0,"3":2},"f":{"0":0},"b":{},"_coverageSchema":"1a1c01bbd47fc00a2c39e90264f33305004495a9","hash":"e8c136db13c4322cb11547026054d9f30aa0fa5a"}
,"/home/twobraincells/developer/ai-interviewer/backend/src/errors/base.error.js": {"path":"/home/twobraincells/developer/ai-interviewer/backend/src/errors/base.error.js","statementMap":{"0":{"start":{"line":3,"column":8},"end":{"line":3,"column":23}},"1":{"start":{"line":4,"column":8},"end":{"line":4,"column":25}},"2":{"start":{"line":5,"column":8},"end":{"line":5,"column":37}},"3":{"start":{"line":6,"column":8},"end":{"line":6,"column":31}},"4":{"start":{"line":10,"column":0},"end":{"line":10,"column":27}}},"fnMap":{"0":{"name":"(anonymous_0)","decl":{"start":{"line":2,"column":4},"end":{"line":2,"column":5}},"loc":{"start":{"line":2,"column":51},"end":{"line":7,"column":5}},"line":2}},"branchMap":{},"s":{"0":0,"1":0,"2":0,"3":0,"4":2},"f":{"0":0},"b":{},"_coverageSchema":"1a1c01bbd47fc00a2c39e90264f33305004495a9","hash":"1c6e22c5214f34d7c549f5fbfe28ce3be22c6dd9"}
,"/home/twobraincells/developer/ai-interviewer/backend/src/errors/index.js": {"path":"/home/twobraincells/developer/ai-interviewer/backend/src/errors/index.js","statementMap":{"0":{"start":{"line":1,"column":19},"end":{"line":1,"column":48}},"1":{"start":{"line":2,"column":18},"end":{"line":2,"column":41}},"2":{"start":{"line":3,"column":28},"end":{"line":3,"column":60}},"3":{"start":{"line":4,"column":17},"end":{"line":4,"column":44}},"4":{"start":{"line":6,"column":0},"end":{"line":11,"column":1}}},"fnMap":{},"branchMap":{},"s":{"0":2,"1":2,"2":2,"3":2,"4":2},"f":{},"b":{},"_coverageSchema":"1a1c01bbd47fc00a2c39e90264f33305004495a9","hash":"0eb086d10bb0430941ee5f7a4528afd8dc5ab5ff"}
,"/home/twobraincells/developer/ai-interviewer/backend/src/errors/internalServerError.js": {"path":"/home/twobraincells/developer/ai-interviewer/backend/src/errors/internalServerError.js","statementMap":{"0":{"start":{"line":1,"column":18},"end":{"line":1,"column":41}},"1":{"start":{"line":2,"column":22},"end":{"line":2,"column":50}},"2":{"start":{"line":7,"column":8},"end":{"line":7,"column":108}},"3":{"start":{"line":11,"column":0},"end":{"line":11,"column":37}}},"fnMap":{"0":{"name":"(anonymous_0)","decl":{"start":{"line":6,"column":4},"end":{"line":6,"column":5}},"loc":{"start":{"line":6,"column":24},"end":{"line":8,"column":5}},"line":6}},"branchMap":{},"s":{"0":2,"1":2,"2":0,"3":2},"f":{"0":0},"b":{},"_coverageSchema":"1a1c01bbd47fc00a2c39e90264f33305004495a9","hash":"6641f7b94d86d9faa6ab6c01dd319178b31e5366"}
,"/home/twobraincells/developer/ai-interviewer/backend/src/errors/notFound.error.js": {"path":"/home/twobraincells/developer/ai-interviewer/backend/src/errors/notFound.error.js","statementMap":{"0":{"start":{"line":1,"column":18},"end":{"line":1,"column":41}},"1":{"start":{"line":2,"column":22},"end":{"line":2,"column":50}},"2":{"start":{"line":6,"column":8},"end":{"line":9,"column":11}},"3":{"start":{"line":13,"column":0},"end":{"line":13,"column":26}}},"fnMap":{"0":{"name":"(anonymous_0)","decl":{"start":{"line":5,"column":4},"end":{"line":5,"column":5}},"loc":{"start":{"line":5,"column":44},"end":{"line":10,"column":5}},"line":5}},"branchMap":{},"s":{"0":2,"1":2,"2":0,"3":2},"f":{"0":0},"b":{},"_coverageSchema":"1a1c01bbd47fc00a2c39e90264f33305004495a9","hash":"99efc2a991140a6f4779cad5bc4c269978237e29"}
,"/home/twobraincells/developer/ai-interviewer/backend/src/models/character.model.js": {"path":"/home/twobraincells/developer/ai-interviewer/backend/src/models/character.model.js","statementMap":{"0":{"start":{"line":1,"column":17},"end":{"line":1,"column":36}},"1":{"start":{"line":3,"column":24},"end":{"line":18,"column":4}},"2":{"start":{"line":20,"column":0},"end":{"line":20,"column":62}}},"fnMap":{},"branchMap":{},"s":{"0":2,"1":2,"2":2},"f":{},"b":{},"_coverageSchema":"1a1c01bbd47fc00a2c39e90264f33305004495a9","hash":"ed2a86817976152697a917585368d50603a2dc66"}
,"/home/twobraincells/developer/ai-interviewer/backend/src/models/user.model.js": {"path":"/home/twobraincells/developer/ai-interviewer/backend/src/models/user.model.js","statementMap":{"0":{"start":{"line":1,"column":17},"end":{"line":1,"column":36}},"1":{"start":{"line":2,"column":15},"end":{"line":2,"column":34}},"2":{"start":{"line":4,"column":19},"end":{"line":23,"column":2}},"3":{"start":{"line":25,"column":0},"end":{"line":35,"column":3}},"4":{"start":{"line":26,"column":2},"end":{"line":26,"column":50}},"5":{"start":{"line":26,"column":36},"end":{"line":26,"column":50}},"6":{"start":{"line":28,"column":2},"end":{"line":34,"column":3}},"7":{"start":{"line":29,"column":17},"end":{"line":29,"column":41}},"8":{"start":{"line":30,"column":4},"end":{"line":30,"column":59}},"9":{"start":{"line":31,"column":4},"end":{"line":31,"column":11}},"10":{"start":{"line":33,"column":4},"end":{"line":33,"column":14}},"11":{"start":{"line":37,"column":0},"end":{"line":39,"column":2}},"12":{"start":{"line":38,"column":2},"end":{"line":38,"column":64}},"13":{"start":{"line":41,"column":0},"end":{"line":41,"column":52}}},"fnMap":{"0":{"name":"(anonymous_0)","decl":{"start":{"line":25,"column":23},"end":{"line":25,"column":24}},"loc":{"start":{"line":25,"column":44},"end":{"line":35,"column":1}},"line":25},"1":{"name":"(anonymous_1)","decl":{"start":{"line":37,"column":37},"end":{"line":37,"column":38}},"loc":{"start":{"line":37,"column":71},"end":{"line":39,"column":1}},"line":37}},"branchMap":{"0":{"loc":{"start":{"line":26,"column":2},"end":{"line":26,"column":50}},"type":"if","locations":[{"start":{"line":26,"column":2},"end":{"line":26,"column":50}},{"start":{},"end":{}}],"line":26}},"s":{"0":2,"1":2,"2":2,"3":2,"4":6,"5":0,"6":6,"7":6,"8":6,"9":6,"10":0,"11":2,"12":1,"13":2},"f":{"0":6,"1":1},"b":{"0":[0,6]},"_coverageSchema":"1a1c01bbd47fc00a2c39e90264f33305004495a9","hash":"b43fddb329e47987a43101e4fbacd644c5e5bc12"}
,"/home/twobraincells/developer/ai-interviewer/backend/src/repository/auth.repo.js": {"path":"/home/twobraincells/developer/ai-interviewer/backend/src/repository/auth.repo.js","statementMap":{"0":{"start":{"line":1,"column":13},"end":{"line":1,"column":44}},"1":{"start":{"line":2,"column":54},"end":{"line":2,"column":74}},"2":{"start":{"line":3,"column":12},"end":{"line":3,"column":35}},"3":{"start":{"line":8,"column":8},"end":{"line":62,"column":9}},"4":{"start":{"line":9,"column":64},"end":{"line":9,"column":72}},"5":{"start":{"line":11,"column":33},"end":{"line":11,"column":62}},"6":{"start":{"line":13,"column":12},"end":{"line":38,"column":13}},"7":{"start":{"line":15,"column":32},"end":{"line":15,"column":76}},"8":{"start":{"line":17,"column":16},"end":{"line":37,"column":17}},"9":{"start":{"line":19,"column":34},"end":{"line":19,"column":113}},"10":{"start":{"line":21,"column":20},"end":{"line":30,"column":22}},"11":{"start":{"line":33,"column":20},"end":{"line":36,"column":22}},"12":{"start":{"line":41,"column":25},"end":{"line":41,"column":78}},"13":{"start":{"line":42,"column":12},"end":{"line":42,"column":30}},"14":{"start":{"line":45,"column":26},"end":{"line":45,"column":97}},"15":{"start":{"line":48,"column":12},"end":{"line":57,"column":14}},"16":{"start":{"line":60,"column":12},"end":{"line":60,"column":31}},"17":{"start":{"line":61,"column":12},"end":{"line":61,"column":57}},"18":{"start":{"line":66,"column":8},"end":{"line":92,"column":9}},"19":{"start":{"line":67,"column":40},"end":{"line":67,"column":48}},"20":{"start":{"line":69,"column":25},"end":{"line":69,"column":54}},"21":{"start":{"line":70,"column":12},"end":{"line":72,"column":13}},"22":{"start":{"line":71,"column":16},"end":{"line":71,"column":46}},"23":{"start":{"line":74,"column":28},"end":{"line":74,"column":64}},"24":{"start":{"line":75,"column":12},"end":{"line":77,"column":13}},"25":{"start":{"line":76,"column":16},"end":{"line":76,"column":49}},"26":{"start":{"line":79,"column":26},"end":{"line":79,"column":97}},"27":{"start":{"line":81,"column":12},"end":{"line":88,"column":14}},"28":{"start":{"line":90,"column":12},"end":{"line":90,"column":31}},"29":{"start":{"line":91,"column":12},"end":{"line":91,"column":57}},"30":{"start":{"line":96,"column":8},"end":{"line":110,"column":9}},"31":{"start":{"line":97,"column":45},"end":{"line":97,"column":53}},"32":{"start":{"line":99,"column":25},"end":{"line":99,"column":100}},"33":{"start":{"line":101,"column":12},"end":{"line":103,"column":13}},"34":{"start":{"line":102,"column":16},"end":{"line":102,"column":51}},"35":{"start":{"line":105,"column":12},"end":{"line":105,"column":24}},"36":{"start":{"line":108,"column":12},"end":{"line":108,"column":29}},"37":{"start":{"line":109,"column":12},"end":{"line":109,"column":55}},"38":{"start":{"line":114,"column":0},"end":{"line":114,"column":26}}},"fnMap":{"0":{"name":"(anonymous_0)","decl":{"start":{"line":7,"column":4},"end":{"line":7,"column":5}},"loc":{"start":{"line":7,"column":29},"end":{"line":63,"column":5}},"line":7},"1":{"name":"(anonymous_1)","decl":{"start":{"line":65,"column":4},"end":{"line":65,"column":5}},"loc":{"start":{"line":65,"column":26},"end":{"line":93,"column":5}},"line":65},"2":{"name":"(anonymous_2)","decl":{"start":{"line":95,"column":4},"end":{"line":95,"column":5}},"loc":{"start":{"line":95,"column":38},"end":{"line":111,"column":5}},"line":95}},"branchMap":{"0":{"loc":{"start":{"line":13,"column":12},"end":{"line":38,"column":13}},"type":"if","locations":[{"start":{"line":13,"column":12},"end":{"line":38,"column":13}},{"start":{},"end":{}}],"line":13},"1":{"loc":{"start":{"line":17,"column":16},"end":{"line":37,"column":17}},"type":"if","locations":[{"start":{"line":17,"column":16},"end":{"line":37,"column":17}},{"start":{"line":31,"column":23},"end":{"line":37,"column":17}}],"line":17},"2":{"loc":{"start":{"line":70,"column":12},"end":{"line":72,"column":13}},"type":"if","locations":[{"start":{"line":70,"column":12},"end":{"line":72,"column":13}},{"start":{},"end":{}}],"line":70},"3":{"loc":{"start":{"line":75,"column":12},"end":{"line":77,"column":13}},"type":"if","locations":[{"start":{"line":75,"column":12},"end":{"line":77,"column":13}},{"start":{},"end":{}}],"line":75},"4":{"loc":{"start":{"line":101,"column":12},"end":{"line":103,"column":13}},"type":"if","locations":[{"start":{"line":101,"column":12},"end":{"line":103,"column":13}},{"start":{},"end":{}}],"line":101}},"s":{"0":2,"1":2,"2":2,"3":6,"4":6,"5":6,"6":6,"7":1,"8":1,"9":1,"10":1,"11":0,"12":5,"13":5,"14":5,"15":5,"16":0,"17":0,"18":0,"19":0,"20":0,"21":0,"22":0,"23":0,"24":0,"25":0,"26":0,"27":0,"28":0,"29":0,"30":0,"31":0,"32":0,"33":0,"34":0,"35":0,"36":0,"37":0,"38":2},"f":{"0":6,"1":0,"2":0},"b":{"0":[1,5],"1":[1,0],"2":[0,0],"3":[0,0],"4":[0,0]},"_coverageSchema":"1a1c01bbd47fc00a2c39e90264f33305004495a9","hash":"c0b6c41d9262f450306dd2a2744b8e391fe1d476"}
,"/home/twobraincells/developer/ai-interviewer/backend/src/repository/character.repo.js": {"path":"/home/twobraincells/developer/ai-interviewer/backend/src/repository/character.repo.js","statementMap":{"0":{"start":{"line":1,"column":18},"end":{"line":1,"column":54}},"1":{"start":{"line":2,"column":24},"end":{"line":2,"column":44}},"2":{"start":{"line":3,"column":11},"end":{"line":3,"column":41}},"3":{"start":{"line":4,"column":21},"end":{"line":4,"column":55}},"4":{"start":{"line":9,"column":8},"end":{"line":29,"column":9}},"5":{"start":{"line":10,"column":75},"end":{"line":10,"column":88}},"6":{"start":{"line":11,"column":33},"end":{"line":11,"column":268}},"7":{"start":{"line":13,"column":30},"end":{"line":20,"column":14}},"8":{"start":{"line":22,"column":12},"end":{"line":22,"column":35}},"9":{"start":{"line":24,"column":12},"end":{"line":24,"column":29}},"10":{"start":{"line":27,"column":12},"end":{"line":27,"column":29}},"11":{"start":{"line":28,"column":12},"end":{"line":28,"column":22}},"12":{"start":{"line":33,"column":8},"end":{"line":40,"column":9}},"13":{"start":{"line":34,"column":31},"end":{"line":34,"column":67}},"14":{"start":{"line":35,"column":12},"end":{"line":35,"column":30}},"15":{"start":{"line":38,"column":12},"end":{"line":38,"column":29}},"16":{"start":{"line":39,"column":12},"end":{"line":39,"column":22}},"17":{"start":{"line":44,"column":8},"end":{"line":56,"column":9}},"18":{"start":{"line":45,"column":30},"end":{"line":45,"column":58}},"19":{"start":{"line":47,"column":12},"end":{"line":49,"column":13}},"20":{"start":{"line":48,"column":16},"end":{"line":48,"column":57}},"21":{"start":{"line":51,"column":12},"end":{"line":51,"column":29}},"22":{"start":{"line":54,"column":12},"end":{"line":54,"column":29}},"23":{"start":{"line":55,"column":12},"end":{"line":55,"column":22}},"24":{"start":{"line":60,"column":8},"end":{"line":71,"column":9}},"25":{"start":{"line":61,"column":29},"end":{"line":61,"column":66}},"26":{"start":{"line":63,"column":12},"end":{"line":65,"column":13}},"27":{"start":{"line":64,"column":16},"end":{"line":64,"column":57}},"28":{"start":{"line":66,"column":12},"end":{"line":66,"column":28}},"29":{"start":{"line":69,"column":12},"end":{"line":69,"column":29}},"30":{"start":{"line":70,"column":12},"end":{"line":70,"column":22}},"31":{"start":{"line":75,"column":8},"end":{"line":87,"column":9}},"32":{"start":{"line":76,"column":30},"end":{"line":76,"column":58}},"33":{"start":{"line":78,"column":12},"end":{"line":80,"column":13}},"34":{"start":{"line":79,"column":16},"end":{"line":79,"column":57}},"35":{"start":{"line":82,"column":12},"end":{"line":82,"column":49}},"36":{"start":{"line":85,"column":12},"end":{"line":85,"column":29}},"37":{"start":{"line":86,"column":12},"end":{"line":86,"column":22}},"38":{"start":{"line":91,"column":8},"end":{"line":134,"column":9}},"39":{"start":{"line":92,"column":30},"end":{"line":92,"column":67}},"40":{"start":{"line":94,"column":12},"end":{"line":96,"column":13}},"41":{"start":{"line":95,"column":16},"end":{"line":95,"column":66}},"42":{"start":{"line":100,"column":25},"end":{"line":116,"column":14}},"43":{"start":{"line":111,"column":65},"end":{"line":114,"column":21}},"44":{"start":{"line":118,"column":27},"end":{"line":120,"column":14}},"45":{"start":{"line":122,"column":29},"end":{"line":122,"column":71}},"46":{"start":{"line":124,"column":12},"end":{"line":124,"column":105}},"47":{"start":{"line":125,"column":12},"end":{"line":125,"column":108}},"48":{"start":{"line":127,"column":12},"end":{"line":127,"column":35}},"49":{"start":{"line":129,"column":12},"end":{"line":129,"column":53}},"50":{"start":{"line":132,"column":12},"end":{"line":132,"column":29}},"51":{"start":{"line":133,"column":12},"end":{"line":133,"column":22}},"52":{"start":{"line":139,"column":0},"end":{"line":139,"column":31}}},"fnMap":{"0":{"name":"(anonymous_0)","decl":{"start":{"line":8,"column":4},"end":{"line":8,"column":5}},"loc":{"start":{"line":8,"column":48},"end":{"line":30,"column":5}},"line":8},"1":{"name":"(anonymous_1)","decl":{"start":{"line":32,"column":4},"end":{"line":32,"column":5}},"loc":{"start":{"line":32,"column":31},"end":{"line":41,"column":5}},"line":32},"2":{"name":"(anonymous_2)","decl":{"start":{"line":43,"column":4},"end":{"line":43,"column":5}},"loc":{"start":{"line":43,"column":26},"end":{"line":57,"column":5}},"line":43},"3":{"name":"(anonymous_3)","decl":{"start":{"line":59,"column":4},"end":{"line":59,"column":5}},"loc":{"start":{"line":59,"column":29},"end":{"line":72,"column":5}},"line":59},"4":{"name":"(anonymous_4)","decl":{"start":{"line":74,"column":4},"end":{"line":74,"column":5}},"loc":{"start":{"line":74,"column":28},"end":{"line":88,"column":5}},"line":74},"5":{"name":"(anonymous_5)","decl":{"start":{"line":90,"column":4},"end":{"line":90,"column":5}},"loc":{"start":{"line":90,"column":51},"end":{"line":135,"column":5}},"line":90},"6":{"name":"(anonymous_6)","decl":{"start":{"line":111,"column":57},"end":{"line":111,"column":58}},"loc":{"start":{"line":111,"column":65},"end":{"line":114,"column":21}},"line":111}},"branchMap":{"0":{"loc":{"start":{"line":47,"column":12},"end":{"line":49,"column":13}},"type":"if","locations":[{"start":{"line":47,"column":12},"end":{"line":49,"column":13}},{"start":{},"end":{}}],"line":47},"1":{"loc":{"start":{"line":63,"column":12},"end":{"line":65,"column":13}},"type":"if","locations":[{"start":{"line":63,"column":12},"end":{"line":65,"column":13}},{"start":{},"end":{}}],"line":63},"2":{"loc":{"start":{"line":78,"column":12},"end":{"line":80,"column":13}},"type":"if","locations":[{"start":{"line":78,"column":12},"end":{"line":80,"column":13}},{"start":{},"end":{}}],"line":78},"3":{"loc":{"start":{"line":94,"column":12},"end":{"line":96,"column":13}},"type":"if","locations":[{"start":{"line":94,"column":12},"end":{"line":96,"column":13}},{"start":{},"end":{}}],"line":94}},"s":{"0":2,"1":2,"2":2,"3":2,"4":0,"5":0,"6":0,"7":0,"8":0,"9":0,"10":0,"11":0,"12":0,"13":0,"14":0,"15":0,"16":0,"17":0,"18":0,"19":0,"20":0,"21":0,"22":0,"23":0,"24":0,"25":0,"26":0,"27":0,"28":0,"29":0,"30":0,"31":0,"32":0,"33":0,"34":0,"35":0,"36":0,"37":0,"38":0,"39":0,"40":0,"41":0,"42":0,"43":0,"44":0,"45":0,"46":0,"47":0,"48":0,"49":0,"50":0,"51":0,"52":2},"f":{"0":0,"1":0,"2":0,"3":0,"4":0,"5":0,"6":0},"b":{"0":[0,0],"1":[0,0],"2":[0,0],"3":[0,0]},"_coverageSchema":"1a1c01bbd47fc00a2c39e90264f33305004495a9","hash":"1c755dec3d9897caaaba87bbd99f8cec7551d535"}
,"/home/twobraincells/developer/ai-interviewer/backend/src/repository/index.js": {"path":"/home/twobraincells/developer/ai-interviewer/backend/src/repository/index.js","statementMap":{"0":{"start":{"line":1,"column":17},"end":{"line":1,"column":39}},"1":{"start":{"line":2,"column":22},"end":{"line":2,"column":49}},"2":{"start":{"line":3,"column":0},"end":{"line":6,"column":1}}},"fnMap":{},"branchMap":{},"s":{"0":2,"1":2,"2":2},"f":{},"b":{},"_coverageSchema":"1a1c01bbd47fc00a2c39e90264f33305004495a9","hash":"8d51143d954b1c2ffae2781dde96c75fe37564f9"}
,"/home/twobraincells/developer/ai-interviewer/backend/src/routes/index.js": {"path":"/home/twobraincells/developer/ai-interviewer/backend/src/routes/index.js","statementMap":{"0":{"start":{"line":1,"column":16},"end":{"line":1,"column":34}},"1":{"start":{"line":2,"column":17},"end":{"line":2,"column":32}},"2":{"start":{"line":4,"column":18},"end":{"line":4,"column":34}},"3":{"start":{"line":6,"column":0},"end":{"line":6,"column":31}},"4":{"start":{"line":8,"column":0},"end":{"line":8,"column":27}}},"fnMap":{},"branchMap":{},"s":{"0":2,"1":2,"2":2,"3":2,"4":2},"f":{},"b":{},"_coverageSchema":"1a1c01bbd47fc00a2c39e90264f33305004495a9","hash":"9fd1beb5538cecd1ac56ce6959ef1b44e2e37707"}
,"/home/twobraincells/developer/ai-interviewer/backend/src/routes/v1/auth.routes.js": {"path":"/home/twobraincells/developer/ai-interviewer/backend/src/routes/v1/auth.routes.js","statementMap":{"0":{"start":{"line":1,"column":16},"end":{"line":1,"column":34}},"1":{"start":{"line":2,"column":27},"end":{"line":2,"column":55}},"2":{"start":{"line":3,"column":21},"end":{"line":3,"column":56}},"3":{"start":{"line":4,"column":15},"end":{"line":4,"column":48}},"4":{"start":{"line":7,"column":19},"end":{"line":7,"column":35}},"5":{"start":{"line":9,"column":0},"end":{"line":9,"column":78}},"6":{"start":{"line":10,"column":0},"end":{"line":10,"column":48}},"7":{"start":{"line":11,"column":0},"end":{"line":11,"column":67}},"8":{"start":{"line":12,"column":0},"end":{"line":12,"column":87}},"9":{"start":{"line":14,"column":0},"end":{"line":14,"column":28}}},"fnMap":{},"branchMap":{},"s":{"0":2,"1":2,"2":2,"3":2,"4":2,"5":2,"6":2,"7":2,"8":2,"9":2},"f":{},"b":{},"_coverageSchema":"1a1c01bbd47fc00a2c39e90264f33305004495a9","hash":"e72695dd1d3cbbf629868d91ce74bebcb59a74e4"}
,"/home/twobraincells/developer/ai-interviewer/backend/src/routes/v1/character.routes.js": {"path":"/home/twobraincells/developer/ai-interviewer/backend/src/routes/v1/character.routes.js","statementMap":{"0":{"start":{"line":1,"column":16},"end":{"line":1,"column":34}},"1":{"start":{"line":3,"column":30},"end":{"line":3,"column":58}},"2":{"start":{"line":4,"column":21},"end":{"line":4,"column":56}},"3":{"start":{"line":6,"column":24},"end":{"line":6,"column":40}},"4":{"start":{"line":8,"column":0},"end":{"line":8,"column":74}},"5":{"start":{"line":9,"column":0},"end":{"line":9,"column":86}},"6":{"start":{"line":10,"column":0},"end":{"line":10,"column":83}},"7":{"start":{"line":11,"column":0},"end":{"line":11,"column":86}},"8":{"start":{"line":12,"column":0},"end":{"line":12,"column":92}},"9":{"start":{"line":13,"column":0},"end":{"line":13,"column":100}},"10":{"start":{"line":14,"column":0},"end":{"line":14,"column":90}},"11":{"start":{"line":16,"column":0},"end":{"line":16,"column":33}}},"fnMap":{},"branchMap":{},"s":{"0":2,"1":2,"2":2,"3":2,"4":2,"5":2,"6":2,"7":2,"8":2,"9":2,"10":2,"11":2},"f":{},"b":{},"_coverageSchema":"1a1c01bbd47fc00a2c39e90264f33305004495a9","hash":"9bacb538d419193a0d0583101c5560d5f6bb7ba8"}
,"/home/twobraincells/developer/ai-interviewer/backend/src/routes/v1/index.js": {"path":"/home/twobraincells/developer/ai-interviewer/backend/src/routes/v1/index.js","statementMap":{"0":{"start":{"line":1,"column":16},"end":{"line":1,"column":34}},"1":{"start":{"line":2,"column":24},"end":{"line":2,"column":53}},"2":{"start":{"line":3,"column":19},"end":{"line":3,"column":43}},"3":{"start":{"line":5,"column":17},"end":{"line":5,"column":33}},"4":{"start":{"line":7,"column":0},"end":{"line":7,"column":34}},"5":{"start":{"line":8,"column":0},"end":{"line":8,"column":35}},"6":{"start":{"line":10,"column":0},"end":{"line":10,"column":26}}},"fnMap":{},"branchMap":{},"s":{"0":2,"1":2,"2":2,"3":2,"4":2,"5":2,"6":2},"f":{},"b":{},"_coverageSchema":"1a1c01bbd47fc00a2c39e90264f33305004495a9","hash":"891eb544049ada0947f675434516348c8d402976"}
,"/home/twobraincells/developer/ai-interviewer/backend/src/services/auth.service.js": {"path":"/home/twobraincells/developer/ai-interviewer/backend/src/services/auth.service.js","statementMap":{"0":{"start":{"line":3,"column":8},"end":{"line":3,"column":32}},"1":{"start":{"line":7,"column":8},"end":{"line":14,"column":9}},"2":{"start":{"line":8,"column":27},"end":{"line":8,"column":65}},"3":{"start":{"line":9,"column":12},"end":{"line":9,"column":26}},"4":{"start":{"line":12,"column":12},"end":{"line":12,"column":29}},"5":{"start":{"line":13,"column":12},"end":{"line":13,"column":22}},"6":{"start":{"line":18,"column":8},"end":{"line":25,"column":9}},"7":{"start":{"line":19,"column":27},"end":{"line":19,"column":62}},"8":{"start":{"line":20,"column":12},"end":{"line":20,"column":26}},"9":{"start":{"line":23,"column":12},"end":{"line":23,"column":29}},"10":{"start":{"line":24,"column":12},"end":{"line":24,"column":22}},"11":{"start":{"line":29,"column":8},"end":{"line":36,"column":9}},"12":{"start":{"line":30,"column":29},"end":{"line":30,"column":77}},"13":{"start":{"line":31,"column":12},"end":{"line":31,"column":28}},"14":{"start":{"line":34,"column":12},"end":{"line":34,"column":29}},"15":{"start":{"line":35,"column":12},"end":{"line":35,"column":22}},"16":{"start":{"line":40,"column":0},"end":{"line":40,"column":29}}},"fnMap":{"0":{"name":"(anonymous_0)","decl":{"start":{"line":2,"column":4},"end":{"line":2,"column":5}},"loc":{"start":{"line":2,"column":25},"end":{"line":4,"column":5}},"line":2},"1":{"name":"(anonymous_1)","decl":{"start":{"line":6,"column":4},"end":{"line":6,"column":5}},"loc":{"start":{"line":6,"column":28},"end":{"line":15,"column":5}},"line":6},"2":{"name":"(anonymous_2)","decl":{"start":{"line":17,"column":4},"end":{"line":17,"column":5}},"loc":{"start":{"line":17,"column":25},"end":{"line":26,"column":5}},"line":17},"3":{"name":"(anonymous_3)","decl":{"start":{"line":28,"column":4},"end":{"line":28,"column":5}},"loc":{"start":{"line":28,"column":38},"end":{"line":37,"column":5}},"line":28}},"branchMap":{},"s":{"0":2,"1":6,"2":6,"3":6,"4":0,"5":0,"6":0,"7":0,"8":0,"9":0,"10":0,"11":0,"12":0,"13":0,"14":0,"15":0,"16":2},"f":{"0":2,"1":6,"2":0,"3":0},"b":{},"_coverageSchema":"1a1c01bbd47fc00a2c39e90264f33305004495a9","hash":"41d9f29538b3328ac251cf2df64fd329415caf20"}
,"/home/twobraincells/developer/ai-interviewer/backend/src/services/character.service.js": {"path":"/home/twobraincells/developer/ai-interviewer/backend/src/services/character.service.js","statementMap":{"0":{"start":{"line":3,"column":8},"end":{"line":3,"column":43}},"1":{"start":{"line":7,"column":8},"end":{"line":14,"column":9}},"2":{"start":{"line":8,"column":30},"end":{"line":8,"column":93}},"3":{"start":{"line":9,"column":12},"end":{"line":9,"column":29}},"4":{"start":{"line":12,"column":12},"end":{"line":12,"column":29}},"5":{"start":{"line":13,"column":12},"end":{"line":13,"column":22}},"6":{"start":{"line":18,"column":8},"end":{"line":25,"column":9}},"7":{"start":{"line":19,"column":32},"end":{"line":19,"column":78}},"8":{"start":{"line":20,"column":12},"end":{"line":20,"column":30}},"9":{"start":{"line":23,"column":12},"end":{"line":23,"column":29}},"10":{"start":{"line":24,"column":12},"end":{"line":24,"column":22}},"11":{"start":{"line":29,"column":8},"end":{"line":36,"column":9}},"12":{"start":{"line":30,"column":30},"end":{"line":30,"column":80}},"13":{"start":{"line":31,"column":12},"end":{"line":31,"column":29}},"14":{"start":{"line":34,"column":12},"end":{"line":34,"column":29}},"15":{"start":{"line":35,"column":12},"end":{"line":35,"column":22}},"16":{"start":{"line":40,"column":8},"end":{"line":47,"column":9}},"17":{"start":{"line":41,"column":29},"end":{"line":41,"column":82}},"18":{"start":{"line":42,"column":12},"end":{"line":42,"column":28}},"19":{"start":{"line":45,"column":12},"end":{"line":45,"column":29}},"20":{"start":{"line":46,"column":12},"end":{"line":46,"column":22}},"21":{"start":{"line":51,"column":8},"end":{"line":58,"column":9}},"22":{"start":{"line":52,"column":26},"end":{"line":52,"column":78}},"23":{"start":{"line":53,"column":12},"end":{"line":53,"column":25}},"24":{"start":{"line":56,"column":12},"end":{"line":56,"column":29}},"25":{"start":{"line":57,"column":12},"end":{"line":57,"column":22}},"26":{"start":{"line":62,"column":8},"end":{"line":69,"column":9}},"27":{"start":{"line":63,"column":29},"end":{"line":63,"column":95}},"28":{"start":{"line":64,"column":12},"end":{"line":64,"column":28}},"29":{"start":{"line":67,"column":12},"end":{"line":67,"column":29}},"30":{"start":{"line":68,"column":12},"end":{"line":68,"column":22}},"31":{"start":{"line":74,"column":0},"end":{"line":74,"column":34}}},"fnMap":{"0":{"name":"(anonymous_0)","decl":{"start":{"line":2,"column":4},"end":{"line":2,"column":5}},"loc":{"start":{"line":2,"column":30},"end":{"line":4,"column":5}},"line":2},"1":{"name":"(anonymous_1)","decl":{"start":{"line":6,"column":4},"end":{"line":6,"column":5}},"loc":{"start":{"line":6,"column":48},"end":{"line":15,"column":5}},"line":6},"2":{"name":"(anonymous_2)","decl":{"start":{"line":17,"column":4},"end":{"line":17,"column":5}},"loc":{"start":{"line":17,"column":31},"end":{"line":26,"column":5}},"line":17},"3":{"name":"(anonymous_3)","decl":{"start":{"line":28,"column":4},"end":{"line":28,"column":5}},"loc":{"start":{"line":28,"column":35},"end":{"line":37,"column":5}},"line":28},"4":{"name":"(anonymous_4)","decl":{"start":{"line":39,"column":4},"end":{"line":39,"column":5}},"loc":{"start":{"line":39,"column":38},"end":{"line":48,"column":5}},"line":39},"5":{"name":"(anonymous_5)","decl":{"start":{"line":50,"column":4},"end":{"line":50,"column":5}},"loc":{"start":{"line":50,"column":37},"end":{"line":59,"column":5}},"line":50},"6":{"name":"(anonymous_6)","decl":{"start":{"line":61,"column":4},"end":{"line":61,"column":5}},"loc":{"start":{"line":61,"column":51},"end":{"line":71,"column":5}},"line":61}},"branchMap":{},"s":{"0":2,"1":0,"2":0,"3":0,"4":0,"5":0,"6":0,"7":0,"8":0,"9":0,"10":0,"11":0,"12":0,"13":0,"14":0,"15":0,"16":0,"17":0,"18":0,"19":0,"20":0,"21":0,"22":0,"23":0,"24":0,"25":0,"26":0,"27":0,"28":0,"29":0,"30":0,"31":2},"f":{"0":2,"1":0,"2":0,"3":0,"4":0,"5":0,"6":0},"b":{},"_coverageSchema":"1a1c01bbd47fc00a2c39e90264f33305004495a9","hash":"c4a350678b5b213c1c06398eaa792c739245536e"}
,"/home/twobraincells/developer/ai-interviewer/backend/src/services/index.js": {"path":"/home/twobraincells/developer/ai-interviewer/backend/src/services/index.js","statementMap":{"0":{"start":{"line":1,"column":20},"end":{"line":1,"column":45}},"1":{"start":{"line":2,"column":25},"end":{"line":2,"column":55}},"2":{"start":{"line":4,"column":0},"end":{"line":7,"column":1}}},"fnMap":{},"branchMap":{},"s":{"0":2,"1":2,"2":2},"f":{},"b":{},"_coverageSchema":"1a1c01bbd47fc00a2c39e90264f33305004495a9","hash":"2eb10a229783c24f93dc9c34ccd9ddc3ecfb6ed0"}
,"/home/twobraincells/developer/ai-interviewer/backend/src/utils/authenticate.js": {"path":"/home/twobraincells/developer/ai-interviewer/backend/src/utils/authenticate.js","statementMap":{"0":{"start":{"line":1,"column":17},"end":{"line":1,"column":36}},"1":{"start":{"line":2,"column":46},"end":{"line":2,"column":69}},"2":{"start":{"line":4,"column":13},"end":{"line":4,"column":44}},"3":{"start":{"line":5,"column":21},"end":{"line":5,"column":55}},"4":{"start":{"line":7,"column":19},"end":{"line":10,"column":1}},"5":{"start":{"line":12,"column":0},"end":{"line":24,"column":4}},"6":{"start":{"line":13,"column":2},"end":{"line":23,"column":3}},"7":{"start":{"line":14,"column":17},"end":{"line":14,"column":48}},"8":{"start":{"line":16,"column":4},"end":{"line":18,"column":5}},"9":{"start":{"line":17,"column":6},"end":{"line":17,"column":31}},"10":{"start":{"line":20,"column":4},"end":{"line":20,"column":28}},"11":{"start":{"line":22,"column":4},"end":{"line":22,"column":28}},"12":{"start":{"line":26,"column":21},"end":{"line":26,"column":69}},"13":{"start":{"line":28,"column":0},"end":{"line":28,"column":31}}},"fnMap":{"0":{"name":"(anonymous_0)","decl":{"start":{"line":12,"column":41},"end":{"line":12,"column":42}},"loc":{"start":{"line":12,"column":66},"end":{"line":24,"column":1}},"line":12}},"branchMap":{"0":{"loc":{"start":{"line":16,"column":4},"end":{"line":18,"column":5}},"type":"if","locations":[{"start":{"line":16,"column":4},"end":{"line":18,"column":5}},{"start":{},"end":{}}],"line":16}},"s":{"0":2,"1":2,"2":2,"3":2,"4":2,"5":2,"6":0,"7":0,"8":0,"9":0,"10":0,"11":0,"12":2,"13":2},"f":{"0":0},"b":{"0":[0,0]},"_coverageSchema":"1a1c01bbd47fc00a2c39e90264f33305004495a9","hash":"29e7c8ccf9b8de183ffa769f76d514d1f8713e72"}
,"/home/twobraincells/developer/ai-interviewer/backend/src/utils/cloudinary.js": {"path":"/home/twobraincells/developer/ai-interviewer/backend/src/utils/cloudinary.js","statementMap":{"0":{"start":{"line":1,"column":19},"end":{"line":1,"column":43}},"1":{"start":{"line":2,"column":30},"end":{"line":2,"column":66}},"2":{"start":{"line":3,"column":15},"end":{"line":3,"column":32}},"3":{"start":{"line":4,"column":77},"end":{"line":4,"column":111}},"4":{"start":{"line":6,"column":0},"end":{"line":10,"column":3}},"5":{"start":{"line":12,"column":16},"end":{"line":19,"column":2}},"6":{"start":{"line":21,"column":15},"end":{"line":21,"column":43}},"7":{"start":{"line":23,"column":0},"end":{"line":23,"column":24}}},"fnMap":{},"branchMap":{},"s":{"0":2,"1":2,"2":2,"3":2,"4":2,"5":2,"6":2,"7":2},"f":{},"b":{},"_coverageSchema":"1a1c01bbd47fc00a2c39e90264f33305004495a9","hash":"f7b6ed3e975ebe093390a8c5f52920733e7c281b"}
,"/home/twobraincells/developer/ai-interviewer/backend/src/utils/errorHandler.js": {"path":"/home/twobraincells/developer/ai-interviewer/backend/src/utils/errorHandler.js","statementMap":{"0":{"start":{"line":1,"column":20},"end":{"line":1,"column":40}},"1":{"start":{"line":2,"column":22},"end":{"line":2,"column":50}},"2":{"start":{"line":6,"column":4},"end":{"line":6,"column":21}},"3":{"start":{"line":7,"column":4},"end":{"line":14,"column":5}},"4":{"start":{"line":8,"column":8},"end":{"line":13,"column":11}},"5":{"start":{"line":16,"column":4},"end":{"line":21,"column":7}},"6":{"start":{"line":24,"column":0},"end":{"line":24,"column":30}}},"fnMap":{"0":{"name":"errorHandler","decl":{"start":{"line":5,"column":9},"end":{"line":5,"column":21}},"loc":{"start":{"line":5,"column":42},"end":{"line":22,"column":1}},"line":5}},"branchMap":{"0":{"loc":{"start":{"line":7,"column":4},"end":{"line":14,"column":5}},"type":"if","locations":[{"start":{"line":7,"column":4},"end":{"line":14,"column":5}},{"start":{},"end":{}}],"line":7}},"s":{"0":1,"1":1,"2":0,"3":0,"4":0,"5":0,"6":1},"f":{"0":0},"b":{"0":[0,0]},"_coverageSchema":"1a1c01bbd47fc00a2c39e90264f33305004495a9","hash":"93b3acf20ebde9fdcbeb25631c7140982e071b6c"}
}
